*** Starting uWSGI 2.0.15 (64bit) on [Mon Jan 22 16:59:53 2018] ***
compiled with version: 5.4.0 20160609 on 22 January 2018 16:50:43
os: Linux-4.13.0-26-generic #29~16.04.2-Ubuntu SMP Tue Jan 9 22:00:44 UTC 2018
nodename: h-pc
machine: x86_64
clock source: unix
pcre jit disabled
detected number of CPU cores: 8
current working directory: /media/h/新加卷/TextClassification/server
writing pidfile to /media/h/新加卷/TextClassification/server/server/uwsgi.pid
detected binary path: /home/h/anaconda3/bin/uwsgi
chdir() to /media/h/新加卷/TextClassification/server
your processes number limit is 63440
your memory page size is 4096 bytes
detected max file descriptor number: 1024
building mime-types dictionary from file /etc/mime.types...552 entry found
lock engine: pthread robust mutexes
thunder lock: enabled
uWSGI http bound on 0.0.0.0:8080 fd 3
uwsgi socket 0 bound to UNIX address /media/h/新加卷/TextClassification/server/server/uwsgi.sock fd 6
Python version: 3.6.3 |Anaconda custom (64-bit)| (default, Oct 13 2017, 12:05:00)  [GCC 7.2.0]
Python main interpreter initialized at 0x19fbe10
python threads support enabled
your server socket listen backlog is limited to 100 connections
your mercy for graceful operations on workers is 60 seconds
mapped 485760 bytes (474 KB) for 5 cores
*** Operational MODE: preforking ***
ModuleNotFoundError: No module named 'teacher'
unable to load app 0 (mountpoint='') (callable not found or import error)
*** no app loaded. going in full dynamic mode ***
*** uWSGI is running in multiple interpreter mode ***
spawned uWSGI master process (pid: 15422)
spawned uWSGI worker 1 (pid: 15423, cores: 1)
spawned uWSGI worker 2 (pid: 15424, cores: 1)
spawned uWSGI worker 3 (pid: 15425, cores: 1)
spawned uWSGI worker 4 (pid: 15426, cores: 1)
spawned uWSGI worker 5 (pid: 15427, cores: 1)
spawned uWSGI http 1 (pid: 15428)
*** Starting uWSGI 2.0.15 (64bit) on [Mon Jan 22 17:00:47 2018] ***
compiled with version: 5.4.0 20160609 on 22 January 2018 16:50:43
os: Linux-4.13.0-26-generic #29~16.04.2-Ubuntu SMP Tue Jan 9 22:00:44 UTC 2018
nodename: h-pc
machine: x86_64
clock source: unix
pcre jit disabled
detected number of CPU cores: 8
current working directory: /media/h/新加卷/TextClassification/server
writing pidfile to /media/h/新加卷/TextClassification/server/server/uwsgi.pid
detected binary path: /home/h/anaconda3/bin/uwsgi
chdir() to /media/h/新加卷/TextClassification/server
your processes number limit is 63440
your memory page size is 4096 bytes
detected max file descriptor number: 1024
building mime-types dictionary from file /etc/mime.types...552 entry found
lock engine: pthread robust mutexes
thunder lock: enabled
probably another instance of uWSGI is running on the same address (0.0.0.0:8080).
bind(): Address already in use [core/socket.c line 769]
*** Starting uWSGI 2.0.15 (64bit) on [Mon Jan 22 17:02:08 2018] ***
compiled with version: 5.4.0 20160609 on 22 January 2018 16:50:43
os: Linux-4.13.0-26-generic #29~16.04.2-Ubuntu SMP Tue Jan 9 22:00:44 UTC 2018
nodename: h-pc
machine: x86_64
clock source: unix
pcre jit disabled
detected number of CPU cores: 8
current working directory: /media/h/新加卷/TextClassification/server
writing pidfile to /media/h/新加卷/TextClassification/server/server/uwsgi.pid
detected binary path: /home/h/anaconda3/bin/uwsgi
chdir() to /media/h/新加卷/TextClassification/server
your processes number limit is 63440
your memory page size is 4096 bytes
detected max file descriptor number: 1024
building mime-types dictionary from file /etc/mime.types...552 entry found
lock engine: pthread robust mutexes
thunder lock: enabled
probably another instance of uWSGI is running on the same address (0.0.0.0:8080).
bind(): Address already in use [core/socket.c line 769]
*** Starting uWSGI 2.0.15 (64bit) on [Mon Jan 22 17:02:18 2018] ***
compiled with version: 5.4.0 20160609 on 22 January 2018 16:50:43
os: Linux-4.13.0-26-generic #29~16.04.2-Ubuntu SMP Tue Jan 9 22:00:44 UTC 2018
nodename: h-pc
machine: x86_64
clock source: unix
pcre jit disabled
detected number of CPU cores: 8
current working directory: /media/h/新加卷/TextClassification/server
writing pidfile to /media/h/新加卷/TextClassification/server/server/uwsgi.pid
detected binary path: /home/h/anaconda3/bin/uwsgi
chdir() to /media/h/新加卷/TextClassification/server
your processes number limit is 63440
your memory page size is 4096 bytes
detected max file descriptor number: 1024
building mime-types dictionary from file /etc/mime.types...552 entry found
lock engine: pthread robust mutexes
thunder lock: enabled
probably another instance of uWSGI is running on the same address (0.0.0.0:8080).
bind(): Address already in use [core/socket.c line 769]
gateway "uWSGI http 1" has been buried (pid: 15428)
...brutally killing workers...
worker 1 buried after 1 seconds
worker 2 buried after 1 seconds
worker 3 buried after 1 seconds
worker 4 buried after 1 seconds
worker 5 buried after 1 seconds
binary reloading uWSGI...
chdir() to /media/h/新加卷/TextClassification/server
closing all non-uwsgi socket fds > 2 (max_fd = 1024)...
found fd 6 mapped to socket 0 (/media/h/新加卷/TextClassification/server/server/uwsgi.sock)
running /home/h/anaconda3/bin/uwsgi
[uWSGI] getting INI configuration from server/uwsgi.ini
[uwsgi-static] added mapping for /static => /media/h/新加卷/TextClassification/server/static
*** Starting uWSGI 2.0.15 (64bit) on [Mon Jan 22 17:33:37 2018] ***
compiled with version: 5.4.0 20160609 on 22 January 2018 16:50:43
os: Linux-4.13.0-26-generic #29~16.04.2-Ubuntu SMP Tue Jan 9 22:00:44 UTC 2018
nodename: h-pc
machine: x86_64
clock source: unix
pcre jit disabled
detected number of CPU cores: 8
current working directory: /media/h/新加卷/TextClassification/server
detected binary path: /home/h/anaconda3/bin/uwsgi
chdir() to /media/h/新加卷/TextClassification/server
your processes number limit is 63440
your memory page size is 4096 bytes
detected max file descriptor number: 1024
building mime-types dictionary from file /etc/mime.types...552 entry found
lock engine: pthread robust mutexes
thunder lock: enabled
uWSGI http bound on 0.0.0.0:8080 fd 3
uwsgi socket 0 inherited UNIX address /media/h/新加卷/TextClassification/server/server/uwsgi.sock fd 6
Python version: 3.6.3 |Anaconda custom (64-bit)| (default, Oct 13 2017, 12:05:00)  [GCC 7.2.0]
Python main interpreter initialized at 0x15c5b40
python threads support enabled
your server socket listen backlog is limited to 100 connections
your mercy for graceful operations on workers is 60 seconds
mapped 485760 bytes (474 KB) for 5 cores
*** Operational MODE: preforking ***
ModuleNotFoundError: No module named 'server.uwsgi'
unable to load app 0 (mountpoint='') (callable not found or import error)
*** no app loaded. going in full dynamic mode ***
*** uWSGI is running in multiple interpreter mode ***
gracefully (RE)spawned uWSGI master process (pid: 15422)
spawned uWSGI worker 1 (pid: 23158, cores: 1)
spawned uWSGI worker 2 (pid: 23159, cores: 1)
spawned uWSGI worker 3 (pid: 23160, cores: 1)
spawned uWSGI worker 4 (pid: 23161, cores: 1)
spawned uWSGI worker 5 (pid: 23162, cores: 1)
spawned uWSGI http 1 (pid: 23163)
gateway "uWSGI http 1" has been buried (pid: 23163)
...brutally killing workers...
worker 1 buried after 1 seconds
worker 2 buried after 1 seconds
worker 3 buried after 1 seconds
worker 4 buried after 1 seconds
worker 5 buried after 1 seconds
binary reloading uWSGI...
chdir() to /media/h/新加卷/TextClassification/server
closing all non-uwsgi socket fds > 2 (max_fd = 1024)...
found fd 6 mapped to socket 0 (/media/h/新加卷/TextClassification/server/server/uwsgi.sock)
running /home/h/anaconda3/bin/uwsgi
[uWSGI] getting INI configuration from server/uwsgi.ini
[uwsgi-static] added mapping for /static => /media/h/新加卷/TextClassification/server/static
*** Starting uWSGI 2.0.15 (64bit) on [Mon Jan 22 17:34:29 2018] ***
compiled with version: 5.4.0 20160609 on 22 January 2018 16:50:43
os: Linux-4.13.0-26-generic #29~16.04.2-Ubuntu SMP Tue Jan 9 22:00:44 UTC 2018
nodename: h-pc
machine: x86_64
clock source: unix
pcre jit disabled
detected number of CPU cores: 8
current working directory: /media/h/新加卷/TextClassification/server
detected binary path: /home/h/anaconda3/bin/uwsgi
chdir() to /media/h/新加卷/TextClassification/server
your processes number limit is 63440
your memory page size is 4096 bytes
detected max file descriptor number: 1024
building mime-types dictionary from file /etc/mime.types...552 entry found
lock engine: pthread robust mutexes
thunder lock: enabled
uWSGI http bound on 0.0.0.0:8080 fd 3
uwsgi socket 0 inherited UNIX address /media/h/新加卷/TextClassification/server/server/uwsgi.sock fd 6
Python version: 3.6.3 |Anaconda custom (64-bit)| (default, Oct 13 2017, 12:05:00)  [GCC 7.2.0]
Python main interpreter initialized at 0x8bfb40
python threads support enabled
your server socket listen backlog is limited to 100 connections
your mercy for graceful operations on workers is 60 seconds
mapped 485760 bytes (474 KB) for 5 cores
*** Operational MODE: preforking ***
ModuleNotFoundError: No module named 'server.uwsgi'
unable to load app 0 (mountpoint='') (callable not found or import error)
*** no app loaded. going in full dynamic mode ***
*** uWSGI is running in multiple interpreter mode ***
gracefully (RE)spawned uWSGI master process (pid: 15422)
spawned uWSGI worker 1 (pid: 23432, cores: 1)
spawned uWSGI worker 2 (pid: 23433, cores: 1)
spawned uWSGI worker 3 (pid: 23434, cores: 1)
spawned uWSGI worker 4 (pid: 23435, cores: 1)
spawned uWSGI worker 5 (pid: 23436, cores: 1)
spawned uWSGI http 1 (pid: 23437)
Mon Jan 22 17:34:37 2018 - uWSGI worker 2 screams: UAAAAAAH my master disconnected: i will kill myself !!!
Mon Jan 22 17:34:37 2018 - uWSGI worker 5 screams: UAAAAAAH my master disconnected: i will kill myself !!!
Mon Jan 22 17:34:37 2018 - uWSGI worker 4 screams: UAAAAAAH my master disconnected: i will kill myself !!!
Mon Jan 22 17:34:37 2018 - uWSGI worker 1 screams: UAAAAAAH my master disconnected: i will kill myself !!!
Mon Jan 22 17:34:37 2018 - uWSGI worker 3 screams: UAAAAAAH my master disconnected: i will kill myself !!!
*** Starting uWSGI 2.0.17 (64bit) on [Sun Mar 25 13:59:20 2018] ***
compiled with version: 5.4.0 20160609 on 25 March 2018 05:58:58
os: Linux-4.13.0-26-generic #29~16.04.2-Ubuntu SMP Tue Jan 9 22:00:44 UTC 2018
nodename: h-pc
machine: x86_64
clock source: unix
pcre jit disabled
detected number of CPU cores: 8
current working directory: /home/h/server
writing pidfile to /media/h/新加卷/TextClassification/server/server/uwsgi.pid
detected binary path: /usr/local/bin/uwsgi
chdir() to /media/h/新加卷/TextClassification/server
your processes number limit is 63440
your memory page size is 4096 bytes
detected max file descriptor number: 1024
building mime-types dictionary from file /etc/mime.types...552 entry found
lock engine: pthread robust mutexes
thunder lock: enabled
uWSGI http bound on 0.0.0.0:8080 fd 3
uwsgi socket 0 bound to UNIX address /media/h/新加卷/TextClassification/server/server/uwsgi.sock fd 6
Python version: 3.5.2 (default, Nov 23 2017, 16:37:01)  [GCC 5.4.0 20160609]
Python main interpreter initialized at 0x16e3630
python threads support enabled
your server socket listen backlog is limited to 100 connections
your mercy for graceful operations on workers is 60 seconds
mapped 486672 bytes (475 KB) for 5 cores
*** Operational MODE: preforking ***
ImportError: No module named 'server.uwsgi'
unable to load app 0 (mountpoint='') (callable not found or import error)
*** no app loaded. going in full dynamic mode ***
*** uWSGI is running in multiple interpreter mode ***
spawned uWSGI master process (pid: 6614)
spawned uWSGI worker 1 (pid: 6615, cores: 1)
spawned uWSGI worker 2 (pid: 6616, cores: 1)
spawned uWSGI worker 3 (pid: 6617, cores: 1)
spawned uWSGI worker 4 (pid: 6618, cores: 1)
spawned uWSGI worker 5 (pid: 6619, cores: 1)
spawned uWSGI http 1 (pid: 6620)
--- no python application found, check your startup logs for errors ---
[pid: 6615|app: -1|req: -1/1] 127.0.0.1 () {40 vars in 751 bytes} [Sun Mar 25 14:04:00 2018] GET / => generated 21 bytes in 0 msecs (HTTP/1.1 500) 2 headers in 83 bytes (0 switches on core 0)
--- no python application found, check your startup logs for errors ---
[pid: 6616|app: -1|req: -1/2] 127.0.0.1 () {40 vars in 730 bytes} [Sun Mar 25 14:04:00 2018] GET /favicon.ico => generated 21 bytes in 0 msecs (HTTP/1.1 500) 2 headers in 83 bytes (0 switches on core 0)
--- no python application found, check your startup logs for errors ---
[pid: 6617|app: -1|req: -1/3] 127.0.0.1 () {42 vars in 782 bytes} [Sun Mar 25 14:04:03 2018] GET / => generated 21 bytes in 0 msecs (HTTP/1.1 500) 2 headers in 83 bytes (0 switches on core 0)
--- no python application found, check your startup logs for errors ---
[pid: 6618|app: -1|req: -1/4] 127.0.0.1 () {44 vars in 783 bytes} [Sun Mar 25 14:04:03 2018] GET /favicon.ico => generated 21 bytes in 0 msecs (HTTP/1.1 500) 2 headers in 83 bytes (0 switches on core 0)
Sun Mar 25 14:05:28 2018 - uWSGI worker 1 screams: UAAAAAAH my master disconnected: i will kill myself !!!
Sun Mar 25 14:05:28 2018 - uWSGI worker 2 screams: UAAAAAAH my master disconnected: i will kill myself !!!
Sun Mar 25 14:05:28 2018 - uWSGI worker 5 screams: UAAAAAAH my master disconnected: i will kill myself !!!
Sun Mar 25 14:05:28 2018 - uWSGI worker 3 screams: UAAAAAAH my master disconnected: i will kill myself !!!
Sun Mar 25 14:05:28 2018 - uWSGI worker 4 screams: UAAAAAAH my master disconnected: i will kill myself !!!
*** Starting uWSGI 2.0.17 (64bit) on [Mon Mar 26 20:57:14 2018] ***
compiled with version: 5.4.0 20160609 on 25 March 2018 05:58:58
os: Linux-4.13.0-26-generic #29~16.04.2-Ubuntu SMP Tue Jan 9 22:00:44 UTC 2018
nodename: h-pc
machine: x86_64
clock source: unix
pcre jit disabled
detected number of CPU cores: 8
current working directory: /home/h/.local/share/Trash/files/server.2
writing pidfile to /media/h/新加卷/TextClassification/server/server/uwsgi.pid
detected binary path: /usr/local/bin/uwsgi
chdir() to /media/h/新加卷/TextClassification/server
your processes number limit is 63440
your memory page size is 4096 bytes
detected max file descriptor number: 1024
building mime-types dictionary from file /etc/mime.types...552 entry found
lock engine: pthread robust mutexes
thunder lock: enabled
uWSGI http bound on 0.0.0.0:8080 fd 3
uwsgi socket 0 bound to UNIX address /media/h/新加卷/TextClassification/server/server/uwsgi.sock fd 6
Python version: 3.5.2 (default, Nov 23 2017, 16:37:01)  [GCC 5.4.0 20160609]
Python main interpreter initialized at 0x1f485b0
python threads support enabled
your server socket listen backlog is limited to 100 connections
your mercy for graceful operations on workers is 60 seconds
mapped 486672 bytes (475 KB) for 5 cores
*** Operational MODE: preforking ***
ImportError: No module named 'server.uwsgi'
unable to load app 0 (mountpoint='') (callable not found or import error)
*** no app loaded. going in full dynamic mode ***
*** uWSGI is running in multiple interpreter mode ***
spawned uWSGI master process (pid: 17073)
spawned uWSGI worker 1 (pid: 17074, cores: 1)
spawned uWSGI worker 2 (pid: 17075, cores: 1)
spawned uWSGI worker 3 (pid: 17076, cores: 1)
spawned uWSGI worker 4 (pid: 17077, cores: 1)
spawned uWSGI worker 5 (pid: 17078, cores: 1)
spawned uWSGI http 1 (pid: 17079)
*** Starting uWSGI 2.0.17 (64bit) on [Mon Mar 26 20:58:28 2018] ***
compiled with version: 5.4.0 20160609 on 25 March 2018 05:58:58
os: Linux-4.13.0-26-generic #29~16.04.2-Ubuntu SMP Tue Jan 9 22:00:44 UTC 2018
nodename: h-pc
machine: x86_64
clock source: unix
pcre jit disabled
detected number of CPU cores: 8
current working directory: /home/h/.local/share/Trash/files/server.2
writing pidfile to /media/h/新加卷/TextClassification/server/server/uwsgi.pid
detected binary path: /usr/local/bin/uwsgi
chdir() to /media/h/新加卷/TextClassification/server
your processes number limit is 63440
your memory page size is 4096 bytes
detected max file descriptor number: 1024
building mime-types dictionary from file /etc/mime.types...552 entry found
lock engine: pthread robust mutexes
thunder lock: enabled
uWSGI http bound on 0.0.0.0:8080 fd 3
uwsgi socket 0 bound to UNIX address /media/h/新加卷/TextClassification/server/server/uwsgi.sock fd 6
Python version: 3.5.2 (default, Nov 23 2017, 16:37:01)  [GCC 5.4.0 20160609]
Python main interpreter initialized at 0x10ab5b0
python threads support enabled
your server socket listen backlog is limited to 100 connections
your mercy for graceful operations on workers is 60 seconds
mapped 486672 bytes (475 KB) for 5 cores
*** Operational MODE: preforking ***
ImportError: No module named 'server.uwsgi'
unable to load app 0 (mountpoint='') (callable not found or import error)
*** no app loaded. going in full dynamic mode ***
*** uWSGI is running in multiple interpreter mode ***
spawned uWSGI master process (pid: 17204)
spawned uWSGI worker 1 (pid: 17205, cores: 1)
spawned uWSGI worker 2 (pid: 17206, cores: 1)
spawned uWSGI worker 3 (pid: 17207, cores: 1)
spawned uWSGI worker 4 (pid: 17208, cores: 1)
spawned uWSGI worker 5 (pid: 17209, cores: 1)
spawned uWSGI http 1 (pid: 17210)
*** Starting uWSGI 2.0.17 (64bit) on [Mon Mar 26 20:59:44 2018] ***
compiled with version: 5.4.0 20160609 on 25 March 2018 05:58:58
os: Linux-4.13.0-26-generic #29~16.04.2-Ubuntu SMP Tue Jan 9 22:00:44 UTC 2018
nodename: h-pc
machine: x86_64
clock source: unix
pcre jit disabled
detected number of CPU cores: 8
current working directory: /home/h/.local/share/Trash/files/server.2
writing pidfile to /media/h/新加卷/TextClassification/server/server/uwsgi.pid
detected binary path: /usr/local/bin/uwsgi
chdir() to /media/h/新加卷/TextClassification/server
your processes number limit is 63440
your memory page size is 4096 bytes
detected max file descriptor number: 1024
building mime-types dictionary from file /etc/mime.types...552 entry found
lock engine: pthread robust mutexes
thunder lock: enabled
uWSGI http bound on 0.0.0.0:8080 fd 3
uwsgi socket 0 bound to UNIX address /media/h/新加卷/TextClassification/server/server/uwsgi.sock fd 6
Python version: 3.5.2 (default, Nov 23 2017, 16:37:01)  [GCC 5.4.0 20160609]
Python main interpreter initialized at 0x18b85b0
python threads support enabled
your server socket listen backlog is limited to 100 connections
your mercy for graceful operations on workers is 60 seconds
mapped 486672 bytes (475 KB) for 5 cores
*** Operational MODE: preforking ***
ImportError: No module named 'server.uwsgi'
unable to load app 0 (mountpoint='') (callable not found or import error)
*** no app loaded. going in full dynamic mode ***
*** uWSGI is running in multiple interpreter mode ***
spawned uWSGI master process (pid: 17395)
spawned uWSGI worker 1 (pid: 17396, cores: 1)
spawned uWSGI worker 2 (pid: 17397, cores: 1)
spawned uWSGI worker 3 (pid: 17398, cores: 1)
spawned uWSGI worker 4 (pid: 17399, cores: 1)
spawned uWSGI worker 5 (pid: 17400, cores: 1)
spawned uWSGI http 1 (pid: 17401)
[deadlock-detector] a process holding a robust mutex died. recovering...
*** Starting uWSGI 2.0.17 (64bit) on [Mon Mar 26 21:02:32 2018] ***
compiled with version: 5.4.0 20160609 on 25 March 2018 05:58:58
os: Linux-4.13.0-26-generic #29~16.04.2-Ubuntu SMP Tue Jan 9 22:00:44 UTC 2018
nodename: h-pc
machine: x86_64
clock source: unix
pcre jit disabled
detected number of CPU cores: 8
current working directory: /home/h/.local/share/Trash/files/server.2
writing pidfile to /media/h/新加卷/TextClassification/server/server/uwsgi.pid
detected binary path: /usr/local/bin/uwsgi
chdir() to /media/h/新加卷/TextClassification/server
your processes number limit is 63440
your memory page size is 4096 bytes
detected max file descriptor number: 1024
building mime-types dictionary from file /etc/mime.types...552 entry found
lock engine: pthread robust mutexes
thunder lock: enabled
uWSGI http bound on 0.0.0.0:8080 fd 3
uwsgi socket 0 bound to UNIX address /media/h/新加卷/TextClassification/server/server/uwsgi.sock fd 6
Python version: 3.5.2 (default, Nov 23 2017, 16:37:01)  [GCC 5.4.0 20160609]
Python main interpreter initialized at 0x24e35b0
python threads support enabled
your server socket listen backlog is limited to 100 connections
your mercy for graceful operations on workers is 60 seconds
mapped 486672 bytes (475 KB) for 5 cores
*** Operational MODE: preforking ***
ImportError: No module named 'server.uwsgi'
unable to load app 0 (mountpoint='') (callable not found or import error)
*** no app loaded. going in full dynamic mode ***
*** uWSGI is running in multiple interpreter mode ***
spawned uWSGI master process (pid: 17634)
spawned uWSGI worker 1 (pid: 17635, cores: 1)
spawned uWSGI worker 2 (pid: 17636, cores: 1)
spawned uWSGI worker 3 (pid: 17637, cores: 1)
spawned uWSGI worker 4 (pid: 17638, cores: 1)
spawned uWSGI worker 5 (pid: 17639, cores: 1)
spawned uWSGI http 1 (pid: 17640)
